SF:lib/activities/activity_service.dart
DA:60,0
DA:75,0
DA:76,0
DA:79,0
DA:80,0
DA:81,0
DA:83,0
DA:84,0
DA:89,0
DA:90,0
DA:91,0
DA:93,0
DA:95,0
DA:96,0
DA:97,0
DA:98,0
DA:101,0
DA:103,0
DA:105,0
DA:106,0
DA:108,0
DA:116,0
DA:117,0
DA:119,0
DA:120,0
DA:121,0
DA:122,0
DA:124,0
DA:127,0
DA:134,0
DA:136,0
DA:137,0
DA:138,0
DA:139,0
DA:140,0
DA:142,0
DA:143,0
DA:145,0
DA:146,0
DA:147,0
DA:150,0
DA:153,0
DA:155,0
DA:172,0
DA:173,0
DA:174,0
DA:175,0
DA:176,0
DA:177,0
DA:178,0
DA:179,0
DA:180,0
DA:183,0
DA:185,0
DA:191,0
DA:193,0
DA:194,0
DA:200,0
DA:201,0
DA:202,0
DA:203,0
DA:206,0
DA:207,0
DA:208,0
DA:209,0
DA:210,0
DA:211,0
DA:212,0
DA:213,0
LF:69
LH:0
end_of_record
SF:lib/shared/models/activity.dart
DA:27,0
DA:30,2
DA:41,0
DA:50,0
DA:51,0
DA:53,2
DA:54,8
LF:7
LH:3
end_of_record
SF:lib/shared/models/user.dart
DA:23,2
DA:33,0
DA:34,0
DA:36,0
DA:37,0
DA:39,0
DA:40,0
LF:7
LH:1
end_of_record
SF:lib/user/profile_service.dart
DA:72,0
DA:73,0
DA:74,0
DA:76,0
DA:77,0
DA:79,0
DA:80,0
DA:81,0
DA:83,0
DA:85,0
DA:89,0
DA:91,0
DA:106,0
DA:107,0
DA:109,0
DA:110,0
DA:111,0
DA:113,0
DA:121,0
DA:123,0
DA:124,0
DA:127,0
DA:151,0
DA:153,0
DA:154,0
DA:155,0
DA:156,0
DA:157,0
DA:158,0
DA:159,0
DA:161,0
DA:165,0
DA:166,0
DA:167,0
DA:168,0
DA:169,0
DA:170,0
DA:171,0
LF:38
LH:0
end_of_record
SF:lib/activities/activity_user_provider.dart
DA:13,2
DA:15,2
DA:18,2
DA:21,2
DA:24,2
DA:80,1
DA:96,1
DA:97,1
DA:99,2
DA:102,1
DA:103,1
DA:106,4
DA:107,1
DA:109,1
DA:110,1
DA:113,1
DA:118,1
DA:120,3
DA:132,0
DA:134,0
DA:135,0
DA:136,0
DA:137,0
LF:23
LH:18
end_of_record
SF:lib/shared/services/user_location_service.dart
DA:31,0
DA:35,0
DA:36,0
DA:43,0
DA:44,0
DA:45,0
DA:46,0
DA:53,0
DA:54,0
DA:55,0
DA:57,0
DA:58,0
DA:59,0
DA:61,0
DA:63,0
DA:64,0
DA:66,0
DA:67,0
DA:70,0
LF:19
LH:0
end_of_record
SF:lib/activities/activity_explore_provider.dart
DA:26,1
DA:32,1
DA:34,1
DA:37,1
DA:40,1
DA:43,1
DA:46,1
DA:103,1
DA:119,1
DA:120,1
DA:121,3
DA:122,1
DA:123,3
DA:125,1
DA:126,1
DA:128,2
DA:130,4
DA:131,2
DA:132,2
DA:134,1
DA:136,1
DA:137,1
DA:140,1
LF:23
LH:23
end_of_record
