SF:lib/logic/activity_user_provider.dart
DA:13,1
DA:15,1
DA:18,1
DA:21,1
DA:24,1
DA:78,1
DA:94,1
DA:95,1
DA:97,2
DA:100,1
DA:101,1
DA:104,4
DA:105,1
DA:107,1
DA:108,1
DA:111,1
DA:116,1
DA:118,3
LF:18
LH:18
end_of_record
SF:lib/models/activity.dart
DA:21,1
LF:1
LH:1
end_of_record
SF:lib/models/user.dart
DA:27,1
DA:37,0
DA:38,0
LF:3
LH:1
end_of_record
SF:lib/services/activity_service.dart
DA:60,0
DA:75,0
DA:76,0
DA:79,0
DA:80,0
DA:81,0
DA:83,0
DA:84,0
DA:89,0
DA:90,0
DA:91,0
DA:93,0
DA:95,0
DA:96,0
DA:97,0
DA:99,0
DA:101,0
DA:102,0
DA:104,0
DA:112,0
DA:113,0
DA:115,0
DA:116,0
DA:117,0
DA:119,0
DA:126,0
DA:128,0
DA:129,0
DA:130,0
DA:131,0
DA:132,0
DA:134,0
DA:135,0
DA:137,0
DA:138,0
DA:141,0
DA:143,0
DA:168,0
DA:169,0
DA:170,0
DA:171,0
DA:172,0
DA:173,0
DA:174,0
DA:175,0
DA:178,0
DA:180,0
DA:186,0
DA:188,0
DA:189,0
DA:195,0
DA:196,0
DA:197,0
DA:198,0
DA:201,0
DA:202,0
DA:203,0
DA:204,0
DA:205,0
DA:206,0
DA:207,0
DA:208,0
LF:62
LH:0
end_of_record
SF:lib/services/profile_service.dart
DA:72,0
DA:73,0
DA:74,0
DA:76,0
DA:77,0
DA:79,0
DA:80,0
DA:81,0
DA:83,0
DA:85,0
DA:89,0
DA:91,0
DA:106,0
DA:107,0
DA:109,0
DA:110,0
DA:111,0
DA:113,0
DA:121,0
DA:123,0
DA:124,0
DA:127,0
DA:158,0
DA:160,0
DA:161,0
DA:162,0
DA:163,0
DA:164,0
DA:165,0
DA:166,0
DA:170,0
DA:171,0
DA:172,0
DA:173,0
DA:174,0
DA:175,0
DA:176,0
LF:37
LH:0
end_of_record
